<?xml version="1.0" encoding="UTF-8"?>
<testng-results ignored="0" total="1" passed="1" failed="0" skipped="0">
  <reporter-output>
  </reporter-output>
  <suite started-at="2022-10-03T10:50:11Z" name="com.tests.DemoTest" finished-at="2022-10-03T10:50:11Z" duration-ms="42">
    <groups>
    </groups>
    <test started-at="2022-10-03T10:50:11Z" name="Command line test" finished-at="2022-10-03T10:50:11Z" duration-ms="42">
      <class name="com.tests.DemoTest">
        <test-method signature="test01()[pri:0, instance:com.tests.DemoTest@419c5f1a]" started-at="2022-10-03T10:50:11Z" name="test01" finished-at="2022-10-03T10:50:11Z" duration-ms="9" status="PASS">
          <reporter-output>
          </reporter-output>
        </test-method> <!-- test01 -->
      </class> <!-- com.tests.DemoTest -->
    </test> <!-- Command line test -->
  </suite> <!-- com.tests.DemoTest -->
</testng-results>
